mysql

USE QuantigrationRMA;

SELECT Customers.State AS STATE, COUNT(*) AS PRODUCT_SALES_NUMBER
FROM Customers INNER JOIN Orders ON Customers.CustomerID = 
Orders.CustomerID
GROUP BY STATE
ORDER BY PRODUCT_SALES_NUMBER DESC
LIMIT 10;

SELECT COUNT(*) AS PRODUCT_SALES_NUMBER, Orders.SKU AS PRODUCT_SKU,
Orders.Description AS PRODUCT_DESCRIPTION
FROM Orders
GROUP BY PRODUCT_SKU
ORDER BY PRODUCT_SALES_NUMBER DESC
LIMIT 3;

SELECT COUNT(*) AS PRODUCT_SALES_NUMBER,Orders.SKU AS PRODUCT_SKU,
Orders Description AS PRODUCT_DESCRIPTION
FROM Orders INNER JOIN Customers ON Orders.CustomerID =
Customers.CustomerID
WHERE UPPER (State) IN ("VIRGINIA","NORTH CAROLINA","SOUTH CAROLINA","GEORGIA")
GROUP BY PRODUCT_SKU
ORDER BY PRODUCT_SALES_NUMBER DESC
LIMIT 3;

SELECT COUNT(*) AS RETURNED_AMOUNT, Orders.SKU AS PRODUCT_SKU,
Orders.Description AS PRODUCT_DESCRIPTION
FROM Orders INNER JOIN RMA ON Orders.OrderID = RMA.OrderID
WHERE UPPER (Status) = "COMPLETE"
GROUP BY PRODUCT_SKU
ORDER BY PRODUCT_AMOUNT DESC
LIMIT 3;

SELECT COUNT(*) AS RETURNED_AMOUNT, Orders.SKU AS PRODUCT_SKU
Orders.Description AS PRODUCT_DESCRIPTION
FROM Orders INNER JOIN RMA ON Orders.OrderID = RMA.OrderID
	INNER JOIN Customers ON Orders.CustomerID = Customers.CustomerID
WHERE UPPER (State) IN ("WASHINGTON","OREGON","IDAHO","MONTANA")
AND UPPER (Status) = "COMPLETE"
GROUP BY PRODUCT_SKU
ORDER BY RETURNED_AMOUNT DESC
LIMIT 3;
